<?xml version="1.0" encoding="UTF-8"?>
<!-- Generated by org.testng.reporters.JUnitReportReporter -->
<testsuite hostname="DESKTOP-4S95062" failures="0" tests="2" name="com.Selenium.Training_TestCases.Tc_023_Amazon" time="3.121" errors="1" timestamp="2022-03-22T18:15:23 IST" skipped="1">
  <testcase classname="com.Selenium.Training_TestCases.Tc_023_Amazon" name="Test_amazon" time="0.000">
    <skipped/>
  </testcase> <!-- Test_amazon -->
  <system-out/>
  <testcase classname="com.Selenium.Training_TestCases.Tc_023_Amazon" name="setup" time="3.121">
    <error message="session not created: This version of ChromeDriver only supports Chrome version 95
Current browser version is 99.0.4844.82 with binary path C:\Program Files\Google\Chrome\Application\chrome.exe
Build info: version: &#039;unknown&#039;, revision: &#039;unknown&#039;, time: &#039;unknown&#039;
System info: host: &#039;DESKTOP-4S95062&#039;, ip: &#039;192.168.1.11&#039;, os.name: &#039;Windows 10&#039;, os.arch: &#039;amd64&#039;, os.version: &#039;10.0&#039;, java.version: &#039;17&#039;
Driver info: driver.version: ChromeDriver
remote stacktrace: Backtrace:
	Ordinal0 [0x00323AB3+2505395]
	Ordinal0 [0x002BAE41+2076225]
	Ordinal0 [0x001C2498+1057944]
	Ordinal0 [0x001E0841+1181761]
	Ordinal0 [0x001DC64B+1164875]
	Ordinal0 [0x001D9EBF+1154751]
	Ordinal0 [0x0020A02F+1351727]
	Ordinal0 [0x00209C9A+1350810]
	Ordinal0 [0x002058BB+1333435]
	Ordinal0 [0x001E23E4+1188836]
	Ordinal0 [0x001E323F+1192511]
	GetHandleVerifier [0x004ACB36+1554566]
	GetHandleVerifier [0x00554A0C+2242396]
	GetHandleVerifier [0x003B0E0B+523099]
	GetHandleVerifier [0x003AFEB0+519168]
	Ordinal0 [0x002C02FD+2097917]
	Ordinal0 [0x002C4388+2114440]
	Ordinal0 [0x002C44C2+2114754]
	Ordinal0 [0x002CE041+2154561]
	BaseThreadInitThunk [0x761EFA29+25]
	RtlGetAppContainerNamedObjectPath [0x772F7A7E+286]
	RtlGetAppContainerNamedObjectPath [0x772F7A4E+238]
	(No symbol) [0x00000000]
" type="org.openqa.selenium.SessionNotCreatedException">
      <![CDATA[org.openqa.selenium.SessionNotCreatedException: session not created: This version of ChromeDriver only supports Chrome version 95
Current browser version is 99.0.4844.82 with binary path C:\Program Files\Google\Chrome\Application\chrome.exe
Build info: version: 'unknown', revision: 'unknown', time: 'unknown'
System info: host: 'DESKTOP-4S95062', ip: '192.168.1.11', os.name: 'Windows 10', os.arch: 'amd64', os.version: '10.0', java.version: '17'
Driver info: driver.version: ChromeDriver
remote stacktrace: Backtrace:
Ordinal0 [0x00323AB3+2505395]
Ordinal0 [0x002BAE41+2076225]
Ordinal0 [0x001C2498+1057944]
Ordinal0 [0x001E0841+1181761]
Ordinal0 [0x001DC64B+1164875]
Ordinal0 [0x001D9EBF+1154751]
Ordinal0 [0x0020A02F+1351727]
Ordinal0 [0x00209C9A+1350810]
Ordinal0 [0x002058BB+1333435]
Ordinal0 [0x001E23E4+1188836]
Ordinal0 [0x001E323F+1192511]
GetHandleVerifier [0x004ACB36+1554566]
GetHandleVerifier [0x00554A0C+2242396]
GetHandleVerifier [0x003B0E0B+523099]
GetHandleVerifier [0x003AFEB0+519168]
Ordinal0 [0x002C02FD+2097917]
Ordinal0 [0x002C4388+2114440]
Ordinal0 [0x002C44C2+2114754]
Ordinal0 [0x002CE041+2154561]
BaseThreadInitThunk [0x761EFA29+25]
RtlGetAppContainerNamedObjectPath [0x772F7A7E+286]
RtlGetAppContainerNamedObjectPath [0x772F7A4E+238]
(No symbol) [0x00000000]

at java.base/jdk.internal.reflect.NativeConstructorAccessorImpl.newInstance0(Native Method)
at java.base/jdk.internal.reflect.NativeConstructorAccessorImpl.newInstance(NativeConstructorAccessorImpl.java:77)
at java.base/jdk.internal.reflect.DelegatingConstructorAccessorImpl.newInstance(DelegatingConstructorAccessorImpl.java:45)
at java.base/java.lang.reflect.Constructor.newInstanceWithCaller(Constructor.java:499)
at java.base/java.lang.reflect.Constructor.newInstance(Constructor.java:480)
at org.openqa.selenium.remote.W3CHandshakeResponse.lambda$errorHandler$0(W3CHandshakeResponse.java:62)
at org.openqa.selenium.remote.HandshakeResponse.lambda$getResponseFunction$0(HandshakeResponse.java:30)
at org.openqa.selenium.remote.ProtocolHandshake.lambda$createSession$0(ProtocolHandshake.java:126)
at java.base/java.util.stream.ReferencePipeline$3$1.accept(ReferencePipeline.java:197)
at java.base/java.util.Spliterators$ArraySpliterator.tryAdvance(Spliterators.java:1002)
at java.base/java.util.stream.ReferencePipeline.forEachWithCancel(ReferencePipeline.java:129)
at java.base/java.util.stream.AbstractPipeline.copyIntoWithCancel(AbstractPipeline.java:527)
at java.base/java.util.stream.AbstractPipeline.copyInto(AbstractPipeline.java:513)
at java.base/java.util.stream.AbstractPipeline.wrapAndCopyInto(AbstractPipeline.java:499)
at java.base/java.util.stream.FindOps$FindOp.evaluateSequential(FindOps.java:150)
at java.base/java.util.stream.AbstractPipeline.evaluate(AbstractPipeline.java:234)
at java.base/java.util.stream.ReferencePipeline.findFirst(ReferencePipeline.java:647)
at org.openqa.selenium.remote.ProtocolHandshake.createSession(ProtocolHandshake.java:128)
at org.openqa.selenium.remote.ProtocolHandshake.createSession(ProtocolHandshake.java:74)
at org.openqa.selenium.remote.HttpCommandExecutor.execute(HttpCommandExecutor.java:136)
at org.openqa.selenium.remote.service.DriverCommandExecutor.execute(DriverCommandExecutor.java:83)
at org.openqa.selenium.remote.RemoteWebDriver.execute(RemoteWebDriver.java:552)
at org.openqa.selenium.remote.RemoteWebDriver.startSession(RemoteWebDriver.java:213)
at org.openqa.selenium.remote.RemoteWebDriver.<init>(RemoteWebDriver.java:131)
at org.openqa.selenium.chrome.ChromeDriver.<init>(ChromeDriver.java:181)
at org.openqa.selenium.chrome.ChromeDriver.<init>(ChromeDriver.java:168)
at org.openqa.selenium.chrome.ChromeDriver.<init>(ChromeDriver.java:123)
at com.Selenium.Training_TestCases.Tc_023_Amazon.setup(Tc_023_Amazon.java:32)
at java.base/jdk.internal.reflect.NativeMethodAccessorImpl.invoke0(Native Method)
at java.base/jdk.internal.reflect.NativeMethodAccessorImpl.invoke(NativeMethodAccessorImpl.java:77)
at java.base/jdk.internal.reflect.DelegatingMethodAccessorImpl.invoke(DelegatingMethodAccessorImpl.java:43)
at java.base/java.lang.reflect.Method.invoke(Method.java:568)
at org.testng.internal.MethodInvocationHelper.invokeMethod(MethodInvocationHelper.java:133)
at org.testng.internal.MethodInvocationHelper.invokeMethodConsideringTimeout(MethodInvocationHelper.java:62)
at org.testng.internal.ConfigInvoker.invokeConfigurationMethod(ConfigInvoker.java:385)
at org.testng.internal.ConfigInvoker.invokeConfigurations(ConfigInvoker.java:321)
at org.testng.internal.TestMethodWorker.invokeBeforeClassMethods(TestMethodWorker.java:176)
at org.testng.internal.TestMethodWorker.run(TestMethodWorker.java:122)
at java.base/java.util.ArrayList.forEach(ArrayList.java:1511)
at org.testng.TestRunner.privateRun(TestRunner.java:794)
at org.testng.TestRunner.run(TestRunner.java:596)
at org.testng.SuiteRunner.runTest(SuiteRunner.java:377)
at org.testng.SuiteRunner.runSequentially(SuiteRunner.java:371)
at org.testng.SuiteRunner.privateRun(SuiteRunner.java:332)
at org.testng.SuiteRunner.run(SuiteRunner.java:276)
at org.testng.SuiteRunnerWorker.runSuite(SuiteRunnerWorker.java:53)
at org.testng.SuiteRunnerWorker.run(SuiteRunnerWorker.java:96)
at org.testng.TestNG.runSuitesSequentially(TestNG.java:1212)
at org.testng.TestNG.runSuitesLocally(TestNG.java:1134)
at org.testng.TestNG.runSuites(TestNG.java:1063)
at org.testng.TestNG.run(TestNG.java:1031)
at org.testng.remote.AbstractRemoteTestNG.run(AbstractRemoteTestNG.java:115)
at org.testng.remote.RemoteTestNG.initAndRun(RemoteTestNG.java:251)
at org.testng.remote.RemoteTestNG.main(RemoteTestNG.java:77)
]]>
    </error>
  </testcase> <!-- setup -->
  <system-out/>
</testsuite> <!-- com.Selenium.Training_TestCases.Tc_023_Amazon -->
